<?xml version="1.0" encoding="UTF-8"?>
<testsuites>
  <testsuite name="fastlane.lanes">
    
    
    
      
      <testcase classname="fastlane.lanes" name="0: default_platform" time="0.006893158">
        
      </testcase>
    
      
      <testcase classname="fastlane.lanes" name="1: gradle" time="218.530182837">
        
      </testcase>
    
      
      <testcase classname="fastlane.lanes" name="2: crashlytics" time="27.485279605">
        
          <failure message="/home/chrmod/.gem/ruby/2.4.1/gems/fastlane-2.81.0/fastlane/lib/fastlane/actions/actions_helper.rb:48:in `execute_action'&#10;/home/chrmod/.gem/ruby/2.4.1/gems/fastlane-2.81.0/fastlane/lib/fastlane/runner.rb:235:in `block in execute_action'&#10;/home/chrmod/.gem/ruby/2.4.1/gems/fastlane-2.81.0/fastlane/lib/fastlane/runner.rb:230:in `chdir'&#10;/home/chrmod/.gem/ruby/2.4.1/gems/fastlane-2.81.0/fastlane/lib/fastlane/runner.rb:230:in `execute_action'&#10;/home/chrmod/.gem/ruby/2.4.1/gems/fastlane-2.81.0/fastlane/lib/fastlane/runner.rb:157:in `trigger_action_by_name'&#10;/home/chrmod/.gem/ruby/2.4.1/gems/fastlane-2.81.0/fastlane/lib/fastlane/fast_file.rb:148:in `method_missing'&#10;Fastfile:23:in `block (2 levels) in parsing_binding'&#10;/home/chrmod/.gem/ruby/2.4.1/gems/fastlane-2.81.0/fastlane/lib/fastlane/lane.rb:33:in `call'&#10;/home/chrmod/.gem/ruby/2.4.1/gems/fastlane-2.81.0/fastlane/lib/fastlane/runner.rb:49:in `block in execute'&#10;/home/chrmod/.gem/ruby/2.4.1/gems/fastlane-2.81.0/fastlane/lib/fastlane/runner.rb:45:in `chdir'&#10;/home/chrmod/.gem/ruby/2.4.1/gems/fastlane-2.81.0/fastlane/lib/fastlane/runner.rb:45:in `execute'&#10;/home/chrmod/.gem/ruby/2.4.1/gems/fastlane-2.81.0/fastlane/lib/fastlane/lane_manager.rb:56:in `cruise_lane'&#10;/home/chrmod/.gem/ruby/2.4.1/gems/fastlane-2.81.0/fastlane/lib/fastlane/command_line_handler.rb:36:in `handle'&#10;/home/chrmod/.gem/ruby/2.4.1/gems/fastlane-2.81.0/fastlane/lib/fastlane/commands_generator.rb:108:in `block (2 levels) in run'&#10;/home/chrmod/.gem/ruby/2.4.1/gems/commander-fastlane-4.4.6/lib/commander/command.rb:178:in `call'&#10;/home/chrmod/.gem/ruby/2.4.1/gems/commander-fastlane-4.4.6/lib/commander/command.rb:153:in `run'&#10;/home/chrmod/.gem/ruby/2.4.1/gems/commander-fastlane-4.4.6/lib/commander/runner.rb:476:in `run_active_command'&#10;/home/chrmod/.gem/ruby/2.4.1/gems/fastlane-2.81.0/fastlane_core/lib/fastlane_core/ui/fastlane_runner.rb:75:in `run!'&#10;/home/chrmod/.gem/ruby/2.4.1/gems/commander-fastlane-4.4.6/lib/commander/delegates.rb:15:in `run!'&#10;/home/chrmod/.gem/ruby/2.4.1/gems/fastlane-2.81.0/fastlane/lib/fastlane/commands_generator.rb:337:in `run'&#10;/home/chrmod/.gem/ruby/2.4.1/gems/fastlane-2.81.0/fastlane/lib/fastlane/commands_generator.rb:42:in `start'&#10;/home/chrmod/.gem/ruby/2.4.1/gems/fastlane-2.81.0/fastlane/lib/fastlane/cli_tools_distributor.rb:98:in `take_off'&#10;/home/chrmod/.gem/ruby/2.4.1/gems/fastlane-2.81.0/bin/fastlane:20:in `&lt;top (required)&gt;'&#10;/home/chrmod/.gem/ruby/2.4.1/bin/fastlane:22:in `load'&#10;/home/chrmod/.gem/ruby/2.4.1/bin/fastlane:22:in `&lt;main&gt;'&#10;&#10;ERROR - Crashlytics Developer Tools error.&#10;java.lang.IllegalArgumentException: Crashlytics found an invalid API key: [[API_TOKEN]]. &#10;Check the Crashlytics plugin to make sure that the application has been added successfully! &#10;Contact support@fabric.io for assistance.&#10;	at com.crashlytics.tools.android.DeveloperTools.processApiKey(DeveloperTools.java:375)&#10;	at com.crashlytics.tools.android.DeveloperTools.processProperties(DeveloperTools.java:515)&#10;	at com.crashlytics.tools.android.DeveloperTools.processArgsInternal(DeveloperTools.java:348)&#10;	at com.crashlytics.tools.android.DeveloperTools.main(DeveloperTools.java:273)&#10;Exception in thread &quot;main&quot; com.crashlytics.tools.android.exception.PluginException: Crashlytics Developer Tools error.&#10;	at com.crashlytics.tools.android.DeveloperTools.processArgsInternal(DeveloperTools.java:356)&#10;	at com.crashlytics.tools.android.DeveloperTools.main(DeveloperTools.java:273)&#10;Caused by: java.lang.IllegalArgumentException: Crashlytics found an invalid API key: [[API_TOKEN]]. &#10;Check the Crashlytics plugin to make sure that the application has been added successfully! &#10;Contact support@fabric.io for assistance.&#10;	at com.crashlytics.tools.android.DeveloperTools.processApiKey(DeveloperTools.java:375)&#10;	at com.crashlytics.tools.android.DeveloperTools.processProperties(DeveloperTools.java:515)&#10;	at com.crashlytics.tools.android.DeveloperTools.processArgsInternal(DeveloperTools.java:348)&#10;	... 1 more&#10;" />
        
      </testcase>
    
  </testsuite>
</testsuites>
